<?xml version="1.0" encoding="UTF-8"?>
<!-- Generated by org.testng.reporters.JUnitXMLReporter -->
<testsuite ignored="2" hostname="SISAHDLPT134" failures="0" tests="7" name="Assigment" time="126.094" errors="0" timestamp="2023-04-27T10:47:51 IST">
  <testcase classname="TestObjects.Assignment_1" name="UserLogin" time="10.415"/>
  <testcase classname="TestObjects.Assignment_1" name="openJobPage" time="11.245"/>
  <testcase classname="TestObjects.Assignment_1" name="StartTheConvo" time="12.226"/>
  <testcase classname="TestObjects.Assignment_1" name="verifyMessage" time="38.097"/>
  <testcase classname="TestObjects.Assignment_2" name="OpenCareerPage" time="2.27"/>
  <testcase classname="TestObjects.Assignment_2" name="blogVerification" time="23.65"/>
  <testcase classname="TestObjects.Assignment_2" name="verifyRecentBlogs" time="27.252"/>
  <testcase classname="Assignment.Assess.Base" name="@BeforeSuite initialization" time="0.0">
    <ignored/>
  </testcase> <!-- @BeforeSuite initialization -->
  <testcase classname="Assignment.Assess.Base" name="@AfterSuite tearDown" time="0.0">
    <ignored/>
  </testcase> <!-- @AfterSuite tearDown -->
</testsuite> <!-- Assigment -->
