<?xml version="1.0" encoding="UTF-8"?>
<!-- Generated by org.testng.reporters.JUnitXMLReporter -->
<testsuite ignored="2" hostname="SISAHDLPT134" failures="0" tests="7" name="Assigment" time="95.25" errors="0" timestamp="2023-04-27T01:17:08 IST">
  <testcase classname="TestObjects.Assignment_1" name="UserLogin" time="10.164"/>
  <testcase classname="TestObjects.Assignment_1" name="openJobPage" time="2.565"/>
  <testcase classname="TestObjects.Assignment_1" name="StartTheConvo" time="10.824"/>
  <testcase classname="TestObjects.Assignment_1" name="verifyMessage" time="31.847"/>
  <testcase classname="TestObjects.Assignment_2" name="OpenCareerPage" time="2.236"/>
  <testcase classname="TestObjects.Assignment_2" name="blogVerification" time="21.024"/>
  <testcase classname="TestObjects.Assignment_2" name="verifyRecentBlogs" time="15.827"/>
  <testcase classname="Assignment.Assess.Base" name="@BeforeSuite initialization" time="0.0">
    <ignored/>
  </testcase> <!-- @BeforeSuite initialization -->
  <testcase classname="Assignment.Assess.Base" name="@AfterSuite tearDown" time="0.0">
    <ignored/>
  </testcase> <!-- @AfterSuite tearDown -->
</testsuite> <!-- Assigment -->
