<?xml version="1.0" encoding="UTF-8"?>
<testng-results ignored="0" total="2" passed="2" failed="0" skipped="0">
  <reporter-output>
  </reporter-output>
  <suite started-at="2023-04-25T22:42:51 IST" name="Assessment" finished-at="2023-04-25T22:42:51 IST" duration-ms="25">
    <groups>
    </groups>
    <test started-at="2023-04-25T22:42:51 IST" name="Assigment-1" finished-at="2023-04-25T22:42:51 IST" duration-ms="25">
      <class name="Assignment.Assess.Base">
        <test-method is-config="true" signature="initialization()[pri:0, instance:Assignment.Assess.Base@5fb759d6]" started-at="2023-04-25T22:42:50 IST" name="initialization" finished-at="2023-04-25T22:42:51 IST" duration-ms="923" status="PASS">
          <reporter-output>
          </reporter-output>
        </test-method> <!-- initialization -->
        <test-method signature="top()[pri:0, instance:Assignment.Assess.Base@5fb759d6]" started-at="2023-04-25T22:42:51 IST" name="top" finished-at="2023-04-25T22:42:51 IST" duration-ms="4" status="PASS">
          <reporter-output>
          </reporter-output>
        </test-method> <!-- top -->
        <test-method signature="top2()[pri:0, instance:Assignment.Assess.Base@5fb759d6]" started-at="2023-04-25T22:42:51 IST" name="top2" finished-at="2023-04-25T22:42:51 IST" duration-ms="1" status="PASS">
          <reporter-output>
          </reporter-output>
        </test-method> <!-- top2 -->
        <test-method is-config="true" signature="tearDown()[pri:0, instance:Assignment.Assess.Base@5fb759d6]" started-at="2023-04-25T22:42:51 IST" name="tearDown" finished-at="2023-04-25T22:42:51 IST" duration-ms="104" status="PASS">
          <reporter-output>
          </reporter-output>
        </test-method> <!-- tearDown -->
      </class> <!-- Assignment.Assess.Base -->
    </test> <!-- Assigment-1 -->
  </suite> <!-- Assessment -->
</testng-results>
