<?xml version="1.0" encoding="UTF-8"?>
<!-- Generated by org.testng.reporters.JUnitXMLReporter -->
<testsuite ignored="2" hostname="SISAHDLPT134" failures="0" tests="1" name="Assigment-2" time="2.147" errors="0" timestamp="2023-04-26T21:39:14 IST">
  <testcase classname="TestObjects.DashboardTest" name="openJobPage" time="2.145"/>
  <testcase classname="Assignment.Assess.Base" name="@BeforeSuite initialization" time="0.0">
    <ignored/>
  </testcase> <!-- @BeforeSuite initialization -->
  <testcase classname="Assignment.Assess.Base" name="@BeforeSuite initialization" time="0.0">
    <ignored/>
  </testcase> <!-- @BeforeSuite initialization -->
</testsuite> <!-- Assigment-2 -->
