<?xml version="1.0" encoding="UTF-8"?>
<!-- Generated by org.testng.reporters.JUnitXMLReporter -->
<testsuite ignored="2" hostname="SISAHDLPT134" failures="0" tests="7" name="Assigment" time="98.3" errors="0" timestamp="2023-04-27T00:27:23 IST">
  <testcase classname="TestObjects.Assignment_1" name="UserLogin" time="9.255"/>
  <testcase classname="TestObjects.Assignment_1" name="openJobPage" time="2.322"/>
  <testcase classname="TestObjects.Assignment_1" name="StartTheConvo" time="10.714"/>
  <testcase classname="TestObjects.Assignment_1" name="verifyMessage" time="32.744"/>
  <testcase classname="TestObjects.Assignment_2" name="OpenCareerPage" time="2.142"/>
  <testcase classname="TestObjects.Assignment_2" name="blogVerification" time="22.388"/>
  <testcase classname="TestObjects.Assignment_2" name="verifyRecentBlogs" time="18.188"/>
  <testcase classname="Assignment.Assess.Base" name="@BeforeSuite initialization" time="0.0">
    <ignored/>
  </testcase> <!-- @BeforeSuite initialization -->
  <testcase classname="Assignment.Assess.Base" name="@AfterSuite tearDown" time="0.0">
    <ignored/>
  </testcase> <!-- @AfterSuite tearDown -->
</testsuite> <!-- Assigment -->
